# JRE version: Java(TM) SE Runtime Environment (8.0_162-b12) (build 1.8.0_162-b12)
# Java VM: Java HotSpot(TM) Client VM (25.162-b12 mixed mode windows-x86 )
Heap:
 def new generation   total 78656K, used 74546K [0x04a00000, 0x09f50000, 0x09f50000)
  eden space 69952K, 100% used [0x04a00000, 0x08e50000, 0x08e50000)
  from space 8704K,  52% used [0x096d0000, 0x09b4cb18, 0x09f50000)
  to   space 8704K,   0% used [0x08e50000, 0x08e50000, 0x096d0000)
 tenured generation   total 174784K, used 174783K [0x09f50000, 0x14a00000, 0x14a00000)
   the space 174784K,  99% used [0x09f50000, 0x149ffff8, 0x14a00000, 0x14a00000)
 Metaspace       used 44197K, capacity 44577K, committed 44800K, reserved 45440K
GC Heap History (10 events):
Event: 9556.358 GC heap before
{Heap before GC invocations=532 (full 360):
 def new generation   total 78656K, used 78655K [0x04a00000, 0x09f50000, 0x09f50000)
  eden space 69952K, 100% used [0x04a00000, 0x08e50000, 0x08e50000)
  from space 8704K,  99% used [0x096d0000, 0x09f4ff88, 0x09f50000)
  to   space 8704K,   0% used [0x08e50000, 0x08e50000, 0x096d0000)
 tenured generation   total 174784K, used 174783K [0x09f50000, 0x14a00000, 0x14a00000)
   the space 174784K,  99% used [0x09f50000, 0x149ffef8, 0x14a00000, 0x14a00000)
 Metaspace       used 44183K, capacity 44559K, committed 44800K, reserved 45440K
Event: 9556.739 GC heap after
Heap after GC invocations=533 (full 361):
 def new generation   total 78656K, used 72399K [0x04a00000, 0x09f50000, 0x09f50000)
  eden space 69952K,  99% used [0x04a00000, 0x08e4ffb0, 0x08e50000)
  from space 8704K,  28% used [0x096d0000, 0x09933ef0, 0x09f50000)
  to   space 8704K,   0% used [0x08e50000, 0x08e50000, 0x096d0000)
 tenured generation   total 174784K, used 174783K [0x09f50000, 0x14a00000, 0x14a00000)
   the space 174784K,  99% used [0x09f50000, 0x149ffef8, 0x14a00000, 0x14a00000)
 Metaspace       used 44183K, capacity 44559K, committed 44800K, reserved 45440K
}
Event: 9589.732 GC heap before
{Heap before GC invocations=533 (full 361):
 def new generation   total 78656K, used 78655K [0x04a00000, 0x09f50000, 0x09f50000)
  eden space 69952K, 100% used [0x04a00000, 0x08e50000, 0x08e50000)
  from space 8704K,  99% used [0x096d0000, 0x09f4fee8, 0x09f50000)
  to   space 8704K,   0% used [0x08e50000, 0x08e50000, 0x096d0000)
 tenured generation   total 174784K, used 174783K [0x09f50000, 0x14a00000, 0x14a00000)
   the space 174784K,  99% used [0x09f50000, 0x149ffef8, 0x14a00000, 0x14a00000)
 Metaspace       used 44183K, capacity 44559K, committed 44800K, reserved 45440K
Event: 9589.988 GC heap after
Heap after GC invocations=534 (full 362):
 def new generation   total 78656K, used 72408K [0x04a00000, 0x09f50000, 0x09f50000)
  eden space 69952K,  99% used [0x04a00000, 0x08e4ffb0, 0x08e50000)
  from space 8704K,  28% used [0x096d0000, 0x09936320, 0x09f50000)
  to   space 8704K,   0% used [0x08e50000, 0x08e50000, 0x096d0000)
 tenured generation   total 174784K, used 174783K [0x09f50000, 0x14a00000, 0x14a00000)
   the space 174784K,  99% used [0x09f50000, 0x149ffef8, 0x14a00000, 0x14a00000)
 Metaspace       used 44183K, capacity 44559K, committed 44800K, reserved 45440K
}
Event: 9619.953 GC heap before
{Heap before GC invocations=534 (full 362):
 def new generation   total 78656K, used 78655K [0x04a00000, 0x09f50000, 0x09f50000)
  eden space 69952K, 100% used [0x04a00000, 0x08e50000, 0x08e50000)
  from space 8704K,  99% used [0x096d0000, 0x09f4ffa8, 0x09f50000)
  to   space 8704K,   0% used [0x08e50000, 0x08e50000, 0x096d0000)
 tenured generation   total 174784K, used 174783K [0x09f50000, 0x14a00000, 0x14a00000)
   the space 174784K,  99% used [0x09f50000, 0x149ffef8, 0x14a00000, 0x14a00000)
 Metaspace       used 44193K, capacity 44572K, committed 44800K, reserved 45440K
Event: 9620.363 GC heap after
Heap after GC invocations=535 (full 363):
 def new generation   total 78656K, used 72453K [0x04a00000, 0x09f50000, 0x09f50000)
  eden space 69952K,  99% used [0x04a00000, 0x08e4ffb0, 0x08e50000)
  from space 8704K,  28% used [0x096d0000, 0x099415d8, 0x09f50000)
  to   space 8704K,   0% used [0x08e50000, 0x08e50000, 0x096d0000)
 tenured generation   total 174784K, used 174783K [0x09f50000, 0x14a00000, 0x14a00000)
   the space 174784K,  99% used [0x09f50000, 0x149ffef8, 0x14a00000, 0x14a00000)
 Metaspace       used 44193K, capacity 44572K, committed 44800K, reserved 45440K
}
Event: 9656.905 GC heap before
{Heap before GC invocations=535 (full 363):
 def new generation   total 78656K, used 78655K [0x04a00000, 0x09f50000, 0x09f50000)
  eden space 69952K, 100% used [0x04a00000, 0x08e50000, 0x08e50000)
  from space 8704K,  99% used [0x096d0000, 0x09f4fee8, 0x09f50000)
  to   space 8704K,   0% used [0x08e50000, 0x08e50000, 0x096d0000)
 tenured generation   total 174784K, used 174783K [0x09f50000, 0x14a00000, 0x14a00000)
   the space 174784K,  99% used [0x09f50000, 0x149ffef8, 0x14a00000, 0x14a00000)
 Metaspace       used 44193K, capacity 44572K, committed 44800K, reserved 45440K
Event: 9657.242 GC heap after
Heap after GC invocations=536 (full 364):
 def new generation   total 78656K, used 72404K [0x04a00000, 0x09f50000, 0x09f50000)
  eden space 69952K,  99% used [0x04a00000, 0x08e4fff8, 0x08e50000)
  from space 8704K,  28% used [0x096d0000, 0x099352e0, 0x09f50000)
  to   space 8704K,   0% used [0x08e50000, 0x08e50000, 0x096d0000)
 tenured generation   total 174784K, used 174783K [0x09f50000, 0x14a00000, 0x14a00000)
   the space 174784K,  99% used [0x09f50000, 0x149fffd8, 0x14a00000, 0x14a00000)
 Metaspace       used 44193K, capacity 44572K, committed 44800K, reserved 45440K
}
Event: 9681.580 GC heap before
{Heap before GC invocations=536 (full 364):
 def new generation   total 78656K, used 78655K [0x04a00000, 0x09f50000, 0x09f50000)
  eden space 69952K, 100% used [0x04a00000, 0x08e50000, 0x08e50000)
  from space 8704K,  99% used [0x096d0000, 0x09f4fff0, 0x09f50000)
  to   space 8704K,   0% used [0x08e50000, 0x08e50000, 0x096d0000)
 tenured generation   total 174784K, used 174783K [0x09f50000, 0x14a00000, 0x14a00000)
   the space 174784K,  99% used [0x09f50000, 0x149ffff8, 0x14a00000, 0x14a00000)
 Metaspace       used 44197K, capacity 44577K, committed 44800K, reserved 45440K
Event: 9681.824 GC heap after
Heap after GC invocations=537 (full 365):
 def new generation   total 78656K, used 72560K [0x04a00000, 0x09f50000, 0x09f50000)
  eden space 69952K,  99% used [0x04a00000, 0x08e4fff8, 0x08e50000)
  from space 8704K,  29% used [0x096d0000, 0x0995c248, 0x09f50000)
  to   space 8704K,   0% used [0x08e50000, 0x08e50000, 0x096d0000)
 tenured generation   total 174784K, used 174783K [0x09f50000, 0x14a00000, 0x14a00000)
   the space 174784K,  99% used [0x09f50000, 0x149ffff8, 0x14a00000, 0x14a00000)
 Metaspace       used 44197K, capacity 44577K, committed 44800K, reserved 45440K
}

